[24/8/2022 16:57:09]Se realiza una Copia de Seguridad>desde C:\ARF\tablas a C:\CopiaSeguridad\Miercoles
[26/8/2022 16:41:40]Se realiza una Copia de Seguridad>desde C:\ARF\tablas a C:\CopiaSeguridad\Viernes
[26/8/2022 21:14:19]Se realiza una Copia de Seguridad>desde C:\ARF\tablas a C:\CopiaSeguridad\Viernes
[27/8/2022 15:58:34]Se realiza una Copia de Seguridad>desde C:\ARF\tablas a C:\CopiaSeguridad\Sabado
[29/8/2022 18:03:50]Se realiza una Copia de Seguridad>desde C:\ARF\tablas a C:\CopiaSeguridad\Lunes
[30/8/2022 12:18:31]Se realiza una Copia de Seguridad>desde C:\ARF\tablas a C:\CopiaSeguridad\Martes
[30/8/2022 18:11:25]Se realiza una Copia de Seguridad>desde C:\ARF\tablas a C:\CopiaSeguridad\Martes
[31/8/2022 14:07:39]Se realiza una Copia de Seguridad>desde C:\ARF\tablas a C:\CopiaSeguridad\Miercoles
[31/8/2022 18:55:59]Se realiza una Copia de Seguridad>desde C:\ARF\tablas a C:\CopiaSeguridad\Miercoles
[1/9/2022 18:15:08]Se realiza una Copia de Seguridad>desde C:\ARF\tablas a C:\CopiaSeguridad\Jueves
[2/9/2022 11:59:54]Se realiza una Copia de Seguridad>desde C:\ARF\tablas a C:\CopiaSeguridad\Viernes
[2/9/2022 20:51:38]Se realiza una Copia de Seguridad>desde C:\ARF\tablas a C:\CopiaSeguridad\Viernes
[3/9/2022 17:52:19]Se realiza una Copia de Seguridad>desde C:\ARF\tablas a C:\CopiaSeguridad\Sabado
[3/9/2022 17:57:01]Se realiza una Copia de Seguridad>desde C:\ARF\tablas a C:\CopiaSeguridad\Sabado
[5/9/2022 18:12:51]Se realiza una Copia de Seguridad>desde C:\ARF\tablas a C:\CopiaSeguridad\Lunes
[6/9/2022 18:55:45]Se realiza una Copia de Seguridad>desde C:\ARF\tablas a C:\CopiaSeguridad\Martes
[7/9/2022 19:57:57]Se realiza una Copia de Seguridad>desde C:\ARF\tablas a C:\CopiaSeguridad\Miercoles
[8/9/2022 17:58:11]Se realiza una Copia de Seguridad>desde C:\ARF\tablas a C:\CopiaSeguridad\Jueves
[10/9/2022 00:55:27]Se realiza una Copia de Seguridad>desde C:\ARF\tablas a C:\CopiaSeguridad\Sabado
[10/9/2022 13:11:07]Se realiza una Copia de Seguridad>desde C:\ARF\tablas a C:\CopiaSeguridad\Sabado
[10/9/2022 13:50:11]Se realiza una Copia de Seguridad>desde C:\ARF\tablas a C:\CopiaSeguridad\Sabado
[10/9/2022 17:56:34]Se realiza una Copia de Seguridad>desde C:\ARF\tablas a C:\CopiaSeguridad\Sabado
[12/9/2022 18:11:00]Se realiza una Copia de Seguridad>desde C:\ARF\tablas a C:\CopiaSeguridad\Lunes
[13/9/2022 17:28:41]Se realiza una Copia de Seguridad>desde C:\ARF\tablas a C:\CopiaSeguridad\Martes
[14/9/2022 17:57:39]Se realiza una Copia de Seguridad>desde C:\ARF\tablas a C:\CopiaSeguridad\Miercoles
[15/9/2022 18:02:40]Se realiza una Copia de Seguridad>desde C:\ARF\tablas a C:\CopiaSeguridad\Jueves
[16/9/2022 12:11:52]Se realiza una Copia de Seguridad>desde C:\ARF\tablas a C:\CopiaSeguridad\Viernes
[16/9/2022 17:38:59]Se realiza una Copia de Seguridad>desde C:\ARF\tablas a C:\CopiaSeguridad\Viernes
[16/9/2022 19:34:09]Se realiza una Copia de Seguridad>desde C:\ARF\tablas a C:\CopiaSeguridad\Viernes
[17/9/2022 19:02:08]Se realiza una Copia de Seguridad>desde C:\ARF\tablas a C:\CopiaSeguridad\Sabado
[19/9/2022 17:44:30]Se realiza una Copia de Seguridad>desde C:\ARF\tablas a C:\CopiaSeguridad\Lunes
[20/9/2022 17:40:16]Se realiza una Copia de Seguridad>desde C:\ARF\tablas a C:\CopiaSeguridad\Martes
[21/9/2022 15:25:02]Se realiza una Copia de Seguridad>desde C:\ARF\tablas a C:\CopiaSeguridad\Miercoles
[21/9/2022 22:30:28]Se realiza una Copia de Seguridad>desde C:\ARF\tablas a C:\CopiaSeguridad\Miercoles
[22/9/2022 11:07:52]Se realiza una Copia de Seguridad>desde C:\ARF\tablas a C:\CopiaSeguridad\Jueves
[22/9/2022 11:22:58]Se realiza una Copia de Seguridad>desde C:\ARF\tablas a C:\CopiaSeguridad\Jueves
[23/9/2022 23:33:51]Se realiza una Copia de Seguridad>desde C:\ARF\tablas a C:\CopiaSeguridad\Viernes
